{"/Users/Louieg3/Documents/WEB DEVELOPMENT/Springboard/Projects/Section_50/itranslate/Backend/app.js": {"path":"/Users/Louieg3/Documents/WEB DEVELOPMENT/Springboard/Projects/Section_50/itranslate/Backend/app.js","statementMap":{"0":{"start":{"line":1,"column":0},"end":{"line":1,"column":26}},"1":{"start":{"line":2,"column":16},"end":{"line":2,"column":34}},"2":{"start":{"line":3,"column":12},"end":{"line":3,"column":21}},"3":{"start":{"line":4,"column":21},"end":{"line":4,"column":54}},"4":{"start":{"line":5,"column":13},"end":{"line":5,"column":28}},"5":{"start":{"line":6,"column":18},"end":{"line":6,"column":41}},"6":{"start":{"line":7,"column":21},"end":{"line":7,"column":47}},"7":{"start":{"line":8,"column":20},"end":{"line":8,"column":45}},"8":{"start":{"line":9,"column":20},"end":{"line":9,"column":45}},"9":{"start":{"line":12,"column":26},"end":{"line":12,"column":57}},"10":{"start":{"line":15,"column":0},"end":{"line":15,"column":24}},"11":{"start":{"line":16,"column":0},"end":{"line":16,"column":49}},"12":{"start":{"line":17,"column":0},"end":{"line":17,"column":24}},"13":{"start":{"line":19,"column":0},"end":{"line":19,"column":27}},"14":{"start":{"line":20,"column":0},"end":{"line":20,"column":31}},"15":{"start":{"line":21,"column":0},"end":{"line":21,"column":33}},"16":{"start":{"line":22,"column":0},"end":{"line":22,"column":31}},"17":{"start":{"line":25,"column":0},"end":{"line":25,"column":43}},"18":{"start":{"line":30,"column":0},"end":{"line":34,"column":3}},"19":{"start":{"line":31,"column":14},"end":{"line":31,"column":48}},"20":{"start":{"line":33,"column":2},"end":{"line":33,"column":19}},"21":{"start":{"line":38,"column":0},"end":{"line":45,"column":3}},"22":{"start":{"line":39,"column":2},"end":{"line":39,"column":32}},"23":{"start":{"line":40,"column":2},"end":{"line":40,"column":27}},"24":{"start":{"line":41,"column":2},"end":{"line":44,"column":5}},"25":{"start":{"line":48,"column":0},"end":{"line":48,"column":21}}},"fnMap":{"0":{"name":"(anonymous_0)","decl":{"start":{"line":30,"column":8},"end":{"line":30,"column":9}},"loc":{"start":{"line":30,"column":34},"end":{"line":34,"column":1}},"line":30},"1":{"name":"(anonymous_1)","decl":{"start":{"line":38,"column":8},"end":{"line":38,"column":9}},"loc":{"start":{"line":38,"column":39},"end":{"line":45,"column":1}},"line":38}},"branchMap":{"0":{"loc":{"start":{"line":39,"column":13},"end":{"line":39,"column":30}},"type":"binary-expr","locations":[{"start":{"line":39,"column":13},"end":{"line":39,"column":23}},{"start":{"line":39,"column":27},"end":{"line":39,"column":30}}],"line":39}},"s":{"0":4,"1":4,"2":4,"3":4,"4":4,"5":4,"6":4,"7":4,"8":4,"9":4,"10":4,"11":4,"12":4,"13":4,"14":4,"15":4,"16":4,"17":4,"18":4,"19":0,"20":0,"21":4,"22":0,"23":0,"24":0,"25":4},"f":{"0":0,"1":0},"b":{"0":[0,0]},"_coverageSchema":"1a1c01bbd47fc00a2c39e90264f33305004495a9","hash":"5dd1cd73ccea8be11117bcb97567e12534ba1d88"}
,"/Users/Louieg3/Documents/WEB DEVELOPMENT/Springboard/Projects/Section_50/itranslate/Backend/db.js": {"path":"/Users/Louieg3/Documents/WEB DEVELOPMENT/Springboard/Projects/Section_50/itranslate/Backend/db.js","statementMap":{"0":{"start":{"line":1,"column":19},"end":{"line":1,"column":32}},"1":{"start":{"line":5,"column":0},"end":{"line":9,"column":1}},"2":{"start":{"line":6,"column":2},"end":{"line":6,"column":45}},"3":{"start":{"line":8,"column":2},"end":{"line":8,"column":40}},"4":{"start":{"line":11,"column":9},"end":{"line":13,"column":3}},"5":{"start":{"line":15,"column":0},"end":{"line":15,"column":13}},"6":{"start":{"line":17,"column":0},"end":{"line":17,"column":20}}},"fnMap":{},"branchMap":{"0":{"loc":{"start":{"line":5,"column":0},"end":{"line":9,"column":1}},"type":"if","locations":[{"start":{"line":5,"column":0},"end":{"line":9,"column":1}},{"start":{"line":5,"column":0},"end":{"line":9,"column":1}}],"line":5}},"s":{"0":4,"1":4,"2":4,"3":0,"4":4,"5":4,"6":4},"f":{},"b":{"0":[4,0]},"_coverageSchema":"1a1c01bbd47fc00a2c39e90264f33305004495a9","hash":"c69419590ed5902e2efbcdafba8d183096c8581f"}
,"/Users/Louieg3/Documents/WEB DEVELOPMENT/Springboard/Projects/Section_50/itranslate/Backend/helpers/expressError.js": {"path":"/Users/Louieg3/Documents/WEB DEVELOPMENT/Springboard/Projects/Section_50/itranslate/Backend/helpers/expressError.js","statementMap":{"0":{"start":{"line":3,"column":4},"end":{"line":3,"column":12}},"1":{"start":{"line":4,"column":4},"end":{"line":4,"column":27}},"2":{"start":{"line":5,"column":4},"end":{"line":5,"column":25}},"3":{"start":{"line":6,"column":4},"end":{"line":6,"column":28}},"4":{"start":{"line":10,"column":0},"end":{"line":10,"column":30}}},"fnMap":{"0":{"name":"(anonymous_0)","decl":{"start":{"line":2,"column":2},"end":{"line":2,"column":3}},"loc":{"start":{"line":2,"column":31},"end":{"line":7,"column":3}},"line":2}},"branchMap":{},"s":{"0":0,"1":0,"2":0,"3":0,"4":4},"f":{"0":0},"b":{},"_coverageSchema":"1a1c01bbd47fc00a2c39e90264f33305004495a9","hash":"2165a8f1f4cd9f83157c34d6e71d4828d85afaac"}
,"/Users/Louieg3/Documents/WEB DEVELOPMENT/Springboard/Projects/Section_50/itranslate/Backend/models/Albums.js": {"path":"/Users/Louieg3/Documents/WEB DEVELOPMENT/Springboard/Projects/Section_50/itranslate/Backend/models/Albums.js","statementMap":{"0":{"start":{"line":1,"column":11},"end":{"line":1,"column":27}},"1":{"start":{"line":2,"column":21},"end":{"line":2,"column":55}},"2":{"start":{"line":9,"column":27},"end":{"line":11,"column":5}},"3":{"start":{"line":13,"column":4},"end":{"line":15,"column":5}},"4":{"start":{"line":14,"column":6},"end":{"line":14,"column":29}},"5":{"start":{"line":17,"column":19},"end":{"line":21,"column":5}},"6":{"start":{"line":23,"column":4},"end":{"line":23,"column":37}},"7":{"start":{"line":28,"column":4},"end":{"line":28,"column":60}},"8":{"start":{"line":31,"column":19},"end":{"line":35,"column":100}},"9":{"start":{"line":36,"column":4},"end":{"line":36,"column":74}},"10":{"start":{"line":38,"column":4},"end":{"line":38,"column":23}},"11":{"start":{"line":53,"column":0},"end":{"line":53,"column":24}}},"fnMap":{"0":{"name":"(anonymous_0)","decl":{"start":{"line":7,"column":2},"end":{"line":7,"column":3}},"loc":{"start":{"line":7,"column":28},"end":{"line":25,"column":3}},"line":7},"1":{"name":"(anonymous_1)","decl":{"start":{"line":27,"column":2},"end":{"line":27,"column":3}},"loc":{"start":{"line":27,"column":35},"end":{"line":39,"column":3}},"line":27}},"branchMap":{"0":{"loc":{"start":{"line":13,"column":4},"end":{"line":15,"column":5}},"type":"if","locations":[{"start":{"line":13,"column":4},"end":{"line":15,"column":5}},{"start":{"line":13,"column":4},"end":{"line":15,"column":5}}],"line":13}},"s":{"0":4,"1":4,"2":1,"3":1,"4":0,"5":1,"6":1,"7":1,"8":1,"9":1,"10":1,"11":4},"f":{"0":1,"1":1},"b":{"0":[0,1]},"_coverageSchema":"1a1c01bbd47fc00a2c39e90264f33305004495a9","hash":"f642bcae9beccbcd37ec1a5a2d9171770e6a2c46"}
,"/Users/Louieg3/Documents/WEB DEVELOPMENT/Springboard/Projects/Section_50/itranslate/Backend/models/Artists.js": {"path":"/Users/Louieg3/Documents/WEB DEVELOPMENT/Springboard/Projects/Section_50/itranslate/Backend/models/Artists.js","statementMap":{"0":{"start":{"line":1,"column":11},"end":{"line":1,"column":27}},"1":{"start":{"line":2,"column":21},"end":{"line":2,"column":55}},"2":{"start":{"line":7,"column":27},"end":{"line":9,"column":5}},"3":{"start":{"line":11,"column":4},"end":{"line":13,"column":5}},"4":{"start":{"line":12,"column":6},"end":{"line":12,"column":29}},"5":{"start":{"line":15,"column":19},"end":{"line":19,"column":5}},"6":{"start":{"line":20,"column":4},"end":{"line":20,"column":68}},"7":{"start":{"line":21,"column":4},"end":{"line":21,"column":37}},"8":{"start":{"line":26,"column":19},"end":{"line":29,"column":83}},"9":{"start":{"line":30,"column":4},"end":{"line":30,"column":78}},"10":{"start":{"line":31,"column":4},"end":{"line":31,"column":23}},"11":{"start":{"line":46,"column":19},"end":{"line":53,"column":26}},"12":{"start":{"line":54,"column":4},"end":{"line":54,"column":75}},"13":{"start":{"line":55,"column":4},"end":{"line":55,"column":23}},"14":{"start":{"line":60,"column":6},"end":{"line":60,"column":67}},"15":{"start":{"line":61,"column":19},"end":{"line":66,"column":44}},"16":{"start":{"line":67,"column":4},"end":{"line":67,"column":78}},"17":{"start":{"line":68,"column":4},"end":{"line":68,"column":23}},"18":{"start":{"line":72,"column":0},"end":{"line":72,"column":25}}},"fnMap":{"0":{"name":"(anonymous_0)","decl":{"start":{"line":6,"column":2},"end":{"line":6,"column":3}},"loc":{"start":{"line":6,"column":28},"end":{"line":23,"column":3}},"line":6},"1":{"name":"(anonymous_1)","decl":{"start":{"line":25,"column":2},"end":{"line":25,"column":3}},"loc":{"start":{"line":25,"column":34},"end":{"line":32,"column":3}},"line":25},"2":{"name":"(anonymous_2)","decl":{"start":{"line":45,"column":4},"end":{"line":45,"column":5}},"loc":{"start":{"line":45,"column":29},"end":{"line":56,"column":3}},"line":45},"3":{"name":"(anonymous_3)","decl":{"start":{"line":59,"column":4},"end":{"line":59,"column":5}},"loc":{"start":{"line":59,"column":41},"end":{"line":69,"column":3}},"line":59}},"branchMap":{"0":{"loc":{"start":{"line":11,"column":4},"end":{"line":13,"column":5}},"type":"if","locations":[{"start":{"line":11,"column":4},"end":{"line":13,"column":5}},{"start":{"line":11,"column":4},"end":{"line":13,"column":5}}],"line":11}},"s":{"0":4,"1":4,"2":2,"3":2,"4":0,"5":2,"6":2,"7":2,"8":1,"9":1,"10":1,"11":1,"12":1,"13":1,"14":2,"15":2,"16":2,"17":2,"18":4},"f":{"0":2,"1":1,"2":1,"3":2},"b":{"0":[0,2]},"_coverageSchema":"1a1c01bbd47fc00a2c39e90264f33305004495a9","hash":"f6ceea95de673c11da6c59437c0c83340d879d13"}
,"/Users/Louieg3/Documents/WEB DEVELOPMENT/Springboard/Projects/Section_50/itranslate/Backend/models/Tracks.js": {"path":"/Users/Louieg3/Documents/WEB DEVELOPMENT/Springboard/Projects/Section_50/itranslate/Backend/models/Tracks.js","statementMap":{"0":{"start":{"line":1,"column":11},"end":{"line":1,"column":27}},"1":{"start":{"line":2,"column":21},"end":{"line":2,"column":55}},"2":{"start":{"line":7,"column":4},"end":{"line":7,"column":67}},"3":{"start":{"line":8,"column":19},"end":{"line":15,"column":122}},"4":{"start":{"line":16,"column":4},"end":{"line":16,"column":46}},"5":{"start":{"line":18,"column":4},"end":{"line":18,"column":23}},"6":{"start":{"line":23,"column":4},"end":{"line":23,"column":59}},"7":{"start":{"line":24,"column":19},"end":{"line":29,"column":66}},"8":{"start":{"line":30,"column":4},"end":{"line":30,"column":63}},"9":{"start":{"line":32,"column":4},"end":{"line":32,"column":23}},"10":{"start":{"line":37,"column":4},"end":{"line":37,"column":71}},"11":{"start":{"line":39,"column":19},"end":{"line":40,"column":67}},"12":{"start":{"line":41,"column":4},"end":{"line":41,"column":65}},"13":{"start":{"line":43,"column":4},"end":{"line":49,"column":5}},"14":{"start":{"line":44,"column":6},"end":{"line":44,"column":19}},"15":{"start":{"line":45,"column":11},"end":{"line":49,"column":5}},"16":{"start":{"line":46,"column":6},"end":{"line":46,"column":19}},"17":{"start":{"line":48,"column":6},"end":{"line":48,"column":17}},"18":{"start":{"line":53,"column":4},"end":{"line":53,"column":68}},"19":{"start":{"line":55,"column":19},"end":{"line":56,"column":65}},"20":{"start":{"line":57,"column":4},"end":{"line":57,"column":65}},"21":{"start":{"line":59,"column":4},"end":{"line":63,"column":5}},"22":{"start":{"line":60,"column":6},"end":{"line":60,"column":18}},"23":{"start":{"line":62,"column":6},"end":{"line":62,"column":19}},"24":{"start":{"line":67,"column":4},"end":{"line":67,"column":50}},"25":{"start":{"line":68,"column":27},"end":{"line":70,"column":5}},"26":{"start":{"line":71,"column":4},"end":{"line":71,"column":53}},"27":{"start":{"line":72,"column":4},"end":{"line":74,"column":5}},"28":{"start":{"line":73,"column":6},"end":{"line":73,"column":46}},"29":{"start":{"line":75,"column":6},"end":{"line":75,"column":43}},"30":{"start":{"line":77,"column":19},"end":{"line":81,"column":5}},"31":{"start":{"line":82,"column":4},"end":{"line":82,"column":46}},"32":{"start":{"line":84,"column":4},"end":{"line":84,"column":37}},"33":{"start":{"line":89,"column":4},"end":{"line":89,"column":45}},"34":{"start":{"line":90,"column":4},"end":{"line":90,"column":43}},"35":{"start":{"line":92,"column":19},"end":{"line":95,"column":5}},"36":{"start":{"line":97,"column":4},"end":{"line":97,"column":26}},"37":{"start":{"line":101,"column":4},"end":{"line":101,"column":45}},"38":{"start":{"line":102,"column":4},"end":{"line":102,"column":47}},"39":{"start":{"line":104,"column":19},"end":{"line":106,"column":5}},"40":{"start":{"line":108,"column":4},"end":{"line":112,"column":5}},"41":{"start":{"line":109,"column":6},"end":{"line":109,"column":35}},"42":{"start":{"line":111,"column":6},"end":{"line":111,"column":25}},"43":{"start":{"line":129,"column":0},"end":{"line":129,"column":24}}},"fnMap":{"0":{"name":"(anonymous_0)","decl":{"start":{"line":6,"column":2},"end":{"line":6,"column":3}},"loc":{"start":{"line":6,"column":43},"end":{"line":20,"column":3}},"line":6},"1":{"name":"(anonymous_1)","decl":{"start":{"line":22,"column":2},"end":{"line":22,"column":3}},"loc":{"start":{"line":22,"column":34},"end":{"line":34,"column":3}},"line":22},"2":{"name":"(anonymous_2)","decl":{"start":{"line":36,"column":2},"end":{"line":36,"column":3}},"loc":{"start":{"line":36,"column":46},"end":{"line":50,"column":3}},"line":36},"3":{"name":"(anonymous_3)","decl":{"start":{"line":52,"column":2},"end":{"line":52,"column":3}},"loc":{"start":{"line":52,"column":43},"end":{"line":64,"column":3}},"line":52},"4":{"name":"(anonymous_4)","decl":{"start":{"line":66,"column":2},"end":{"line":66,"column":3}},"loc":{"start":{"line":66,"column":37},"end":{"line":86,"column":3}},"line":66},"5":{"name":"(anonymous_5)","decl":{"start":{"line":88,"column":2},"end":{"line":88,"column":3}},"loc":{"start":{"line":88,"column":31},"end":{"line":98,"column":3}},"line":88},"6":{"name":"(anonymous_6)","decl":{"start":{"line":100,"column":2},"end":{"line":100,"column":3}},"loc":{"start":{"line":100,"column":35},"end":{"line":113,"column":3}},"line":100}},"branchMap":{"0":{"loc":{"start":{"line":43,"column":4},"end":{"line":49,"column":5}},"type":"if","locations":[{"start":{"line":43,"column":4},"end":{"line":49,"column":5}},{"start":{"line":43,"column":4},"end":{"line":49,"column":5}}],"line":43},"1":{"loc":{"start":{"line":45,"column":11},"end":{"line":49,"column":5}},"type":"if","locations":[{"start":{"line":45,"column":11},"end":{"line":49,"column":5}},{"start":{"line":45,"column":11},"end":{"line":49,"column":5}}],"line":45},"2":{"loc":{"start":{"line":59,"column":4},"end":{"line":63,"column":5}},"type":"if","locations":[{"start":{"line":59,"column":4},"end":{"line":63,"column":5}},{"start":{"line":59,"column":4},"end":{"line":63,"column":5}}],"line":59},"3":{"loc":{"start":{"line":72,"column":4},"end":{"line":74,"column":5}},"type":"if","locations":[{"start":{"line":72,"column":4},"end":{"line":74,"column":5}},{"start":{"line":72,"column":4},"end":{"line":74,"column":5}}],"line":72},"4":{"loc":{"start":{"line":108,"column":4},"end":{"line":112,"column":5}},"type":"if","locations":[{"start":{"line":108,"column":4},"end":{"line":112,"column":5}},{"start":{"line":108,"column":4},"end":{"line":112,"column":5}}],"line":108}},"s":{"0":4,"1":4,"2":1,"3":1,"4":1,"5":1,"6":2,"7":2,"8":2,"9":2,"10":2,"11":2,"12":2,"13":2,"14":0,"15":2,"16":1,"17":1,"18":2,"19":2,"20":2,"21":2,"22":1,"23":1,"24":1,"25":1,"26":1,"27":1,"28":0,"29":1,"30":1,"31":1,"32":1,"33":1,"34":1,"35":1,"36":1,"37":2,"38":2,"39":2,"40":2,"41":2,"42":0,"43":4},"f":{"0":1,"1":2,"2":2,"3":2,"4":1,"5":1,"6":2},"b":{"0":[0,2],"1":[1,1],"2":[1,1],"3":[0,1],"4":[2,0]},"_coverageSchema":"1a1c01bbd47fc00a2c39e90264f33305004495a9","hash":"e9af74fa20f98a8df6ba8fbe9402528dd371f7dd"}
,"/Users/Louieg3/Documents/WEB DEVELOPMENT/Springboard/Projects/Section_50/itranslate/Backend/models/Translation.js": {"path":"/Users/Louieg3/Documents/WEB DEVELOPMENT/Springboard/Projects/Section_50/itranslate/Backend/models/Translation.js","statementMap":{"0":{"start":{"line":1,"column":11},"end":{"line":1,"column":27}},"1":{"start":{"line":2,"column":21},"end":{"line":2,"column":55}},"2":{"start":{"line":8,"column":4},"end":{"line":8,"column":45}},"3":{"start":{"line":9,"column":4},"end":{"line":9,"column":43}},"4":{"start":{"line":11,"column":27},"end":{"line":14,"column":5}},"5":{"start":{"line":16,"column":4},"end":{"line":18,"column":5}},"6":{"start":{"line":17,"column":6},"end":{"line":17,"column":48}},"7":{"start":{"line":20,"column":19},"end":{"line":24,"column":5}},"8":{"start":{"line":26,"column":4},"end":{"line":26,"column":26}},"9":{"start":{"line":32,"column":4},"end":{"line":32,"column":50}},"10":{"start":{"line":33,"column":4},"end":{"line":33,"column":48}},"11":{"start":{"line":35,"column":19},"end":{"line":37,"column":5}},"12":{"start":{"line":38,"column":4},"end":{"line":38,"column":52}},"13":{"start":{"line":40,"column":4},"end":{"line":44,"column":5}},"14":{"start":{"line":41,"column":6},"end":{"line":41,"column":40}},"15":{"start":{"line":43,"column":6},"end":{"line":43,"column":36}},"16":{"start":{"line":49,"column":0},"end":{"line":49,"column":29}}},"fnMap":{"0":{"name":"(anonymous_0)","decl":{"start":{"line":6,"column":2},"end":{"line":6,"column":3}},"loc":{"start":{"line":6,"column":25},"end":{"line":28,"column":3}},"line":6},"1":{"name":"(anonymous_1)","decl":{"start":{"line":30,"column":2},"end":{"line":30,"column":3}},"loc":{"start":{"line":30,"column":25},"end":{"line":46,"column":3}},"line":30}},"branchMap":{"0":{"loc":{"start":{"line":16,"column":4},"end":{"line":18,"column":5}},"type":"if","locations":[{"start":{"line":16,"column":4},"end":{"line":18,"column":5}},{"start":{"line":16,"column":4},"end":{"line":18,"column":5}}],"line":16},"1":{"loc":{"start":{"line":40,"column":4},"end":{"line":44,"column":5}},"type":"if","locations":[{"start":{"line":40,"column":4},"end":{"line":44,"column":5}},{"start":{"line":40,"column":4},"end":{"line":44,"column":5}}],"line":40}},"s":{"0":4,"1":4,"2":1,"3":1,"4":1,"5":1,"6":0,"7":1,"8":1,"9":2,"10":2,"11":2,"12":2,"13":2,"14":1,"15":1,"16":4},"f":{"0":1,"1":2},"b":{"0":[0,1],"1":[1,1]},"_coverageSchema":"1a1c01bbd47fc00a2c39e90264f33305004495a9","hash":"bafe7fa46c38259696d0100167934928e703a1e9"}
,"/Users/Louieg3/Documents/WEB DEVELOPMENT/Springboard/Projects/Section_50/itranslate/Backend/routes/album.js": {"path":"/Users/Louieg3/Documents/WEB DEVELOPMENT/Springboard/Projects/Section_50/itranslate/Backend/routes/album.js","statementMap":{"0":{"start":{"line":1,"column":16},"end":{"line":1,"column":34}},"1":{"start":{"line":2,"column":15},"end":{"line":2,"column":31}},"2":{"start":{"line":3,"column":21},"end":{"line":3,"column":42}},"3":{"start":{"line":4,"column":23},"end":{"line":4,"column":64}},"4":{"start":{"line":5,"column":15},"end":{"line":5,"column":42}},"5":{"start":{"line":6,"column":21},"end":{"line":6,"column":55}},"6":{"start":{"line":8,"column":0},"end":{"line":21,"column":3}},"7":{"start":{"line":9,"column":2},"end":{"line":20,"column":3}},"8":{"start":{"line":10,"column":4},"end":{"line":10,"column":50}},"9":{"start":{"line":11,"column":4},"end":{"line":11,"column":48}},"10":{"start":{"line":12,"column":4},"end":{"line":12,"column":50}},"11":{"start":{"line":13,"column":4},"end":{"line":13,"column":52}},"12":{"start":{"line":15,"column":21},"end":{"line":15,"column":65}},"13":{"start":{"line":16,"column":4},"end":{"line":16,"column":54}},"14":{"start":{"line":17,"column":4},"end":{"line":17,"column":50}},"15":{"start":{"line":19,"column":4},"end":{"line":19,"column":16}},"16":{"start":{"line":23,"column":0},"end":{"line":42,"column":3}},"17":{"start":{"line":24,"column":2},"end":{"line":40,"column":3}},"18":{"start":{"line":25,"column":4},"end":{"line":25,"column":51}},"19":{"start":{"line":26,"column":4},"end":{"line":26,"column":46}},"20":{"start":{"line":27,"column":23},"end":{"line":27,"column":59}},"21":{"start":{"line":29,"column":4},"end":{"line":32,"column":5}},"22":{"start":{"line":30,"column":6},"end":{"line":30,"column":56}},"23":{"start":{"line":31,"column":6},"end":{"line":31,"column":74}},"24":{"start":{"line":31,"column":57},"end":{"line":31,"column":64}},"25":{"start":{"line":34,"column":21},"end":{"line":34,"column":49}},"26":{"start":{"line":35,"column":4},"end":{"line":35,"column":55}},"27":{"start":{"line":36,"column":4},"end":{"line":36,"column":50}},"28":{"start":{"line":39,"column":4},"end":{"line":39,"column":16}},"29":{"start":{"line":58,"column":0},"end":{"line":58,"column":24}}},"fnMap":{"0":{"name":"(anonymous_0)","decl":{"start":{"line":8,"column":17},"end":{"line":8,"column":18}},"loc":{"start":{"line":8,"column":50},"end":{"line":21,"column":1}},"line":8},"1":{"name":"(anonymous_1)","decl":{"start":{"line":23,"column":18},"end":{"line":23,"column":19}},"loc":{"start":{"line":23,"column":51},"end":{"line":42,"column":1}},"line":23},"2":{"name":"(anonymous_2)","decl":{"start":{"line":31,"column":52},"end":{"line":31,"column":53}},"loc":{"start":{"line":31,"column":57},"end":{"line":31,"column":64}},"line":31}},"branchMap":{"0":{"loc":{"start":{"line":29,"column":4},"end":{"line":32,"column":5}},"type":"if","locations":[{"start":{"line":29,"column":4},"end":{"line":32,"column":5}},{"start":{"line":29,"column":4},"end":{"line":32,"column":5}}],"line":29}},"s":{"0":4,"1":4,"2":4,"3":4,"4":4,"5":4,"6":4,"7":1,"8":1,"9":1,"10":1,"11":1,"12":1,"13":1,"14":1,"15":0,"16":4,"17":1,"18":1,"19":1,"20":1,"21":1,"22":0,"23":0,"24":0,"25":1,"26":1,"27":1,"28":0,"29":4},"f":{"0":1,"1":1,"2":0},"b":{"0":[0,1]},"_coverageSchema":"1a1c01bbd47fc00a2c39e90264f33305004495a9","hash":"786a2a937c0299d0e94da821100c6d8c7ac62620"}
,"/Users/Louieg3/Documents/WEB DEVELOPMENT/Springboard/Projects/Section_50/itranslate/Backend/routes/artist.js": {"path":"/Users/Louieg3/Documents/WEB DEVELOPMENT/Springboard/Projects/Section_50/itranslate/Backend/routes/artist.js","statementMap":{"0":{"start":{"line":1,"column":16},"end":{"line":1,"column":34}},"1":{"start":{"line":2,"column":15},"end":{"line":2,"column":31}},"2":{"start":{"line":3,"column":16},"end":{"line":3,"column":44}},"3":{"start":{"line":4,"column":21},"end":{"line":4,"column":42}},"4":{"start":{"line":5,"column":24},"end":{"line":5,"column":66}},"5":{"start":{"line":6,"column":21},"end":{"line":6,"column":55}},"6":{"start":{"line":9,"column":0},"end":{"line":34,"column":3}},"7":{"start":{"line":10,"column":2},"end":{"line":33,"column":3}},"8":{"start":{"line":11,"column":4},"end":{"line":11,"column":51}},"9":{"start":{"line":13,"column":4},"end":{"line":26,"column":5}},"10":{"start":{"line":14,"column":23},"end":{"line":14,"column":55}},"11":{"start":{"line":15,"column":6},"end":{"line":15,"column":61}},"12":{"start":{"line":16,"column":6},"end":{"line":16,"column":52}},"13":{"start":{"line":17,"column":11},"end":{"line":26,"column":5}},"14":{"start":{"line":18,"column":23},"end":{"line":18,"column":48}},"15":{"start":{"line":19,"column":6},"end":{"line":19,"column":56}},"16":{"start":{"line":20,"column":6},"end":{"line":20,"column":52}},"17":{"start":{"line":21,"column":11},"end":{"line":26,"column":5}},"18":{"start":{"line":22,"column":6},"end":{"line":22,"column":67}},"19":{"start":{"line":23,"column":23},"end":{"line":23,"column":70}},"20":{"start":{"line":24,"column":6},"end":{"line":24,"column":56}},"21":{"start":{"line":25,"column":6},"end":{"line":25,"column":52}},"22":{"start":{"line":32,"column":4},"end":{"line":32,"column":23}},"23":{"start":{"line":36,"column":0},"end":{"line":52,"column":3}},"24":{"start":{"line":37,"column":2},"end":{"line":51,"column":3}},"25":{"start":{"line":38,"column":4},"end":{"line":38,"column":52}},"26":{"start":{"line":39,"column":23},"end":{"line":39,"column":60}},"27":{"start":{"line":41,"column":4},"end":{"line":43,"column":5}},"28":{"start":{"line":42,"column":6},"end":{"line":42,"column":75}},"29":{"start":{"line":42,"column":58},"end":{"line":42,"column":65}},"30":{"start":{"line":45,"column":21},"end":{"line":45,"column":48}},"31":{"start":{"line":46,"column":4},"end":{"line":46,"column":55}},"32":{"start":{"line":47,"column":4},"end":{"line":47,"column":50}},"33":{"start":{"line":50,"column":4},"end":{"line":50,"column":23}},"34":{"start":{"line":68,"column":0},"end":{"line":68,"column":24}}},"fnMap":{"0":{"name":"(anonymous_0)","decl":{"start":{"line":9,"column":24},"end":{"line":9,"column":25}},"loc":{"start":{"line":9,"column":57},"end":{"line":34,"column":1}},"line":9},"1":{"name":"(anonymous_1)","decl":{"start":{"line":36,"column":18},"end":{"line":36,"column":19}},"loc":{"start":{"line":36,"column":51},"end":{"line":52,"column":1}},"line":36},"2":{"name":"(anonymous_2)","decl":{"start":{"line":42,"column":53},"end":{"line":42,"column":54}},"loc":{"start":{"line":42,"column":58},"end":{"line":42,"column":65}},"line":42}},"branchMap":{"0":{"loc":{"start":{"line":13,"column":4},"end":{"line":26,"column":5}},"type":"if","locations":[{"start":{"line":13,"column":4},"end":{"line":26,"column":5}},{"start":{"line":13,"column":4},"end":{"line":26,"column":5}}],"line":13},"1":{"loc":{"start":{"line":17,"column":11},"end":{"line":26,"column":5}},"type":"if","locations":[{"start":{"line":17,"column":11},"end":{"line":26,"column":5}},{"start":{"line":17,"column":11},"end":{"line":26,"column":5}}],"line":17},"2":{"loc":{"start":{"line":21,"column":11},"end":{"line":26,"column":5}},"type":"if","locations":[{"start":{"line":21,"column":11},"end":{"line":26,"column":5}},{"start":{"line":21,"column":11},"end":{"line":26,"column":5}}],"line":21},"3":{"loc":{"start":{"line":41,"column":4},"end":{"line":43,"column":5}},"type":"if","locations":[{"start":{"line":41,"column":4},"end":{"line":43,"column":5}},{"start":{"line":41,"column":4},"end":{"line":43,"column":5}}],"line":41}},"s":{"0":4,"1":4,"2":4,"3":4,"4":4,"5":4,"6":4,"7":4,"8":4,"9":4,"10":1,"11":1,"12":1,"13":3,"14":1,"15":1,"16":1,"17":2,"18":2,"19":2,"20":2,"21":2,"22":0,"23":4,"24":2,"25":2,"26":2,"27":2,"28":0,"29":0,"30":2,"31":2,"32":2,"33":0,"34":4},"f":{"0":4,"1":2,"2":0},"b":{"0":[1,3],"1":[1,2],"2":[2,0],"3":[0,2]},"_coverageSchema":"1a1c01bbd47fc00a2c39e90264f33305004495a9","hash":"b6c9768877e95aa70e09ea1a273485980047de2a"}
,"/Users/Louieg3/Documents/WEB DEVELOPMENT/Springboard/Projects/Section_50/itranslate/Backend/routes/ibm.js": {"path":"/Users/Louieg3/Documents/WEB DEVELOPMENT/Springboard/Projects/Section_50/itranslate/Backend/routes/ibm.js","statementMap":{"0":{"start":{"line":1,"column":16},"end":{"line":1,"column":34}},"1":{"start":{"line":2,"column":15},"end":{"line":2,"column":31}},"2":{"start":{"line":3,"column":29},"end":{"line":3,"column":73}},"3":{"start":{"line":4,"column":29},"end":{"line":4,"column":55}},"4":{"start":{"line":5,"column":20},"end":{"line":5,"column":43}},"5":{"start":{"line":6,"column":17},"end":{"line":6,"column":36}},"6":{"start":{"line":7,"column":20},"end":{"line":7,"column":43}},"7":{"start":{"line":9,"column":27},"end":{"line":15,"column":2}},"8":{"start":{"line":17,"column":0},"end":{"line":41,"column":3}},"9":{"start":{"line":18,"column":2},"end":{"line":39,"column":3}},"10":{"start":{"line":20,"column":4},"end":{"line":34,"column":5}},"11":{"start":{"line":21,"column":21},"end":{"line":21,"column":37}},"12":{"start":{"line":22,"column":23},"end":{"line":22,"column":41}},"13":{"start":{"line":23,"column":30},"end":{"line":26,"column":7}},"14":{"start":{"line":28,"column":24},"end":{"line":28,"column":75}},"15":{"start":{"line":29,"column":6},"end":{"line":29,"column":95}},"16":{"start":{"line":32,"column":24},"end":{"line":32,"column":64}},"17":{"start":{"line":33,"column":6},"end":{"line":33,"column":49}},"18":{"start":{"line":37,"column":4},"end":{"line":37,"column":21}},"19":{"start":{"line":38,"column":4},"end":{"line":38,"column":21}},"20":{"start":{"line":45,"column":0},"end":{"line":45,"column":24}}},"fnMap":{"0":{"name":"(anonymous_0)","decl":{"start":{"line":17,"column":23},"end":{"line":17,"column":24}},"loc":{"start":{"line":17,"column":54},"end":{"line":41,"column":1}},"line":17}},"branchMap":{"0":{"loc":{"start":{"line":20,"column":4},"end":{"line":34,"column":5}},"type":"if","locations":[{"start":{"line":20,"column":4},"end":{"line":34,"column":5}},{"start":{"line":20,"column":4},"end":{"line":34,"column":5}}],"line":20}},"s":{"0":4,"1":4,"2":4,"3":4,"4":4,"5":4,"6":4,"7":4,"8":4,"9":0,"10":0,"11":0,"12":0,"13":0,"14":0,"15":0,"16":0,"17":0,"18":0,"19":0,"20":4},"f":{"0":0},"b":{"0":[0,0]},"_coverageSchema":"1a1c01bbd47fc00a2c39e90264f33305004495a9","hash":"be07cd4f2b717648833602cf1e28c0c6bbebf0ba"}
,"/Users/Louieg3/Documents/WEB DEVELOPMENT/Springboard/Projects/Section_50/itranslate/Backend/routes/testing.config.js": {"path":"/Users/Louieg3/Documents/WEB DEVELOPMENT/Springboard/Projects/Section_50/itranslate/Backend/routes/testing.config.js","statementMap":{"0":{"start":{"line":1,"column":0},"end":{"line":1,"column":30}},"1":{"start":{"line":2,"column":16},"end":{"line":2,"column":36}},"2":{"start":{"line":3,"column":12},"end":{"line":3,"column":29}},"3":{"start":{"line":4,"column":11},"end":{"line":4,"column":27}},"4":{"start":{"line":10,"column":2},"end":{"line":66,"column":3}},"5":{"start":{"line":13,"column":4},"end":{"line":16,"column":6}},"6":{"start":{"line":19,"column":4},"end":{"line":22,"column":6}},"7":{"start":{"line":25,"column":4},"end":{"line":28,"column":6}},"8":{"start":{"line":31,"column":4},"end":{"line":34,"column":6}},"9":{"start":{"line":37,"column":4},"end":{"line":40,"column":6}},"10":{"start":{"line":43,"column":4},"end":{"line":46,"column":6}},"11":{"start":{"line":49,"column":4},"end":{"line":51,"column":6}},"12":{"start":{"line":54,"column":4},"end":{"line":56,"column":6}},"13":{"start":{"line":59,"column":4},"end":{"line":62,"column":6}},"14":{"start":{"line":65,"column":4},"end":{"line":65,"column":25}},"15":{"start":{"line":70,"column":2},"end":{"line":77,"column":3}},"16":{"start":{"line":71,"column":4},"end":{"line":71,"column":42}},"17":{"start":{"line":72,"column":4},"end":{"line":72,"column":41}},"18":{"start":{"line":73,"column":4},"end":{"line":73,"column":41}},"19":{"start":{"line":76,"column":4},"end":{"line":76,"column":25}},"20":{"start":{"line":81,"column":2},"end":{"line":85,"column":3}},"21":{"start":{"line":82,"column":4},"end":{"line":82,"column":19}},"22":{"start":{"line":84,"column":4},"end":{"line":84,"column":23}},"23":{"start":{"line":88,"column":0},"end":{"line":92,"column":2}}},"fnMap":{"0":{"name":"beforeEachHook","decl":{"start":{"line":9,"column":15},"end":{"line":9,"column":29}},"loc":{"start":{"line":9,"column":32},"end":{"line":67,"column":1}},"line":9},"1":{"name":"afterEachHook","decl":{"start":{"line":69,"column":15},"end":{"line":69,"column":28}},"loc":{"start":{"line":69,"column":31},"end":{"line":78,"column":1}},"line":69},"2":{"name":"afterAllHook","decl":{"start":{"line":80,"column":15},"end":{"line":80,"column":27}},"loc":{"start":{"line":80,"column":30},"end":{"line":86,"column":1}},"line":80}},"branchMap":{},"s":{"0":4,"1":4,"2":4,"3":4,"4":19,"5":19,"6":19,"7":19,"8":19,"9":19,"10":19,"11":19,"12":19,"13":19,"14":0,"15":19,"16":19,"17":19,"18":19,"19":0,"20":4,"21":4,"22":0,"23":4},"f":{"0":19,"1":19,"2":4},"b":{},"_coverageSchema":"1a1c01bbd47fc00a2c39e90264f33305004495a9","hash":"22567c9c2473a6c3b19cc9233f94668bdeed2ce8"}
,"/Users/Louieg3/Documents/WEB DEVELOPMENT/Springboard/Projects/Section_50/itranslate/Backend/routes/track.js": {"path":"/Users/Louieg3/Documents/WEB DEVELOPMENT/Springboard/Projects/Section_50/itranslate/Backend/routes/track.js","statementMap":{"0":{"start":{"line":1,"column":16},"end":{"line":1,"column":34}},"1":{"start":{"line":2,"column":15},"end":{"line":2,"column":31}},"2":{"start":{"line":3,"column":21},"end":{"line":3,"column":42}},"3":{"start":{"line":4,"column":23},"end":{"line":4,"column":64}},"4":{"start":{"line":5,"column":15},"end":{"line":5,"column":45}},"5":{"start":{"line":6,"column":21},"end":{"line":6,"column":55}},"6":{"start":{"line":9,"column":0},"end":{"line":42,"column":3}},"7":{"start":{"line":10,"column":2},"end":{"line":41,"column":3}},"8":{"start":{"line":11,"column":4},"end":{"line":11,"column":77}},"9":{"start":{"line":13,"column":4},"end":{"line":37,"column":5}},"10":{"start":{"line":14,"column":23},"end":{"line":14,"column":68}},"11":{"start":{"line":15,"column":6},"end":{"line":15,"column":66}},"12":{"start":{"line":16,"column":6},"end":{"line":16,"column":52}},"13":{"start":{"line":18,"column":11},"end":{"line":37,"column":5}},"14":{"start":{"line":19,"column":23},"end":{"line":19,"column":64}},"15":{"start":{"line":20,"column":6},"end":{"line":20,"column":72}},"16":{"start":{"line":21,"column":6},"end":{"line":21,"column":52}},"17":{"start":{"line":23,"column":11},"end":{"line":37,"column":5}},"18":{"start":{"line":24,"column":23},"end":{"line":24,"column":64}},"19":{"start":{"line":25,"column":6},"end":{"line":25,"column":72}},"20":{"start":{"line":26,"column":6},"end":{"line":26,"column":52}},"21":{"start":{"line":28,"column":11},"end":{"line":37,"column":5}},"22":{"start":{"line":29,"column":23},"end":{"line":29,"column":76}},"23":{"start":{"line":30,"column":6},"end":{"line":30,"column":84}},"24":{"start":{"line":31,"column":6},"end":{"line":31,"column":52}},"25":{"start":{"line":33,"column":11},"end":{"line":37,"column":5}},"26":{"start":{"line":34,"column":23},"end":{"line":34,"column":73}},"27":{"start":{"line":35,"column":6},"end":{"line":35,"column":81}},"28":{"start":{"line":36,"column":6},"end":{"line":36,"column":52}},"29":{"start":{"line":40,"column":4},"end":{"line":40,"column":23}},"30":{"start":{"line":47,"column":0},"end":{"line":63,"column":4}},"31":{"start":{"line":49,"column":2},"end":{"line":62,"column":3}},"32":{"start":{"line":50,"column":23},"end":{"line":50,"column":59}},"33":{"start":{"line":51,"column":4},"end":{"line":51,"column":51}},"34":{"start":{"line":53,"column":4},"end":{"line":55,"column":5}},"35":{"start":{"line":54,"column":6},"end":{"line":54,"column":75}},"36":{"start":{"line":54,"column":58},"end":{"line":54,"column":65}},"37":{"start":{"line":57,"column":21},"end":{"line":57,"column":58}},"38":{"start":{"line":58,"column":4},"end":{"line":58,"column":68}},"39":{"start":{"line":59,"column":4},"end":{"line":59,"column":50}},"40":{"start":{"line":61,"column":4},"end":{"line":61,"column":23}},"41":{"start":{"line":65,"column":0},"end":{"line":75,"column":3}},"42":{"start":{"line":67,"column":2},"end":{"line":74,"column":3}},"43":{"start":{"line":68,"column":4},"end":{"line":68,"column":63}},"44":{"start":{"line":69,"column":21},"end":{"line":69,"column":53}},"45":{"start":{"line":70,"column":4},"end":{"line":70,"column":76}},"46":{"start":{"line":71,"column":4},"end":{"line":71,"column":50}},"47":{"start":{"line":73,"column":4},"end":{"line":73,"column":23}},"48":{"start":{"line":92,"column":0},"end":{"line":92,"column":24}}},"fnMap":{"0":{"name":"(anonymous_0)","decl":{"start":{"line":9,"column":24},"end":{"line":9,"column":25}},"loc":{"start":{"line":9,"column":55},"end":{"line":42,"column":1}},"line":9},"1":{"name":"(anonymous_1)","decl":{"start":{"line":47,"column":18},"end":{"line":47,"column":19}},"loc":{"start":{"line":47,"column":51},"end":{"line":63,"column":1}},"line":47},"2":{"name":"(anonymous_2)","decl":{"start":{"line":54,"column":53},"end":{"line":54,"column":54}},"loc":{"start":{"line":54,"column":58},"end":{"line":54,"column":65}},"line":54},"3":{"name":"(anonymous_3)","decl":{"start":{"line":65,"column":19},"end":{"line":65,"column":20}},"loc":{"start":{"line":65,"column":52},"end":{"line":75,"column":1}},"line":65}},"branchMap":{"0":{"loc":{"start":{"line":13,"column":4},"end":{"line":37,"column":5}},"type":"if","locations":[{"start":{"line":13,"column":4},"end":{"line":37,"column":5}},{"start":{"line":13,"column":4},"end":{"line":37,"column":5}}],"line":13},"1":{"loc":{"start":{"line":18,"column":11},"end":{"line":37,"column":5}},"type":"if","locations":[{"start":{"line":18,"column":11},"end":{"line":37,"column":5}},{"start":{"line":18,"column":11},"end":{"line":37,"column":5}}],"line":18},"2":{"loc":{"start":{"line":23,"column":11},"end":{"line":37,"column":5}},"type":"if","locations":[{"start":{"line":23,"column":11},"end":{"line":37,"column":5}},{"start":{"line":23,"column":11},"end":{"line":37,"column":5}}],"line":23},"3":{"loc":{"start":{"line":28,"column":11},"end":{"line":37,"column":5}},"type":"if","locations":[{"start":{"line":28,"column":11},"end":{"line":37,"column":5}},{"start":{"line":28,"column":11},"end":{"line":37,"column":5}}],"line":28},"4":{"loc":{"start":{"line":33,"column":11},"end":{"line":37,"column":5}},"type":"if","locations":[{"start":{"line":33,"column":11},"end":{"line":37,"column":5}},{"start":{"line":33,"column":11},"end":{"line":37,"column":5}}],"line":33},"5":{"loc":{"start":{"line":53,"column":4},"end":{"line":55,"column":5}},"type":"if","locations":[{"start":{"line":53,"column":4},"end":{"line":55,"column":5}},{"start":{"line":53,"column":4},"end":{"line":55,"column":5}}],"line":53}},"s":{"0":4,"1":4,"2":4,"3":4,"4":4,"5":4,"6":4,"7":9,"8":9,"9":9,"10":1,"11":1,"12":1,"13":8,"14":2,"15":2,"16":2,"17":6,"18":2,"19":2,"20":2,"21":4,"22":2,"23":2,"24":2,"25":2,"26":2,"27":2,"28":2,"29":0,"30":4,"31":1,"32":1,"33":1,"34":1,"35":0,"36":0,"37":1,"38":1,"39":1,"40":0,"41":4,"42":1,"43":1,"44":1,"45":1,"46":1,"47":0,"48":4},"f":{"0":9,"1":1,"2":0,"3":1},"b":{"0":[1,8],"1":[2,6],"2":[2,4],"3":[2,2],"4":[2,0],"5":[0,1]},"_coverageSchema":"1a1c01bbd47fc00a2c39e90264f33305004495a9","hash":"99eaab11a5e18e0c66027248d300f19eee43ea95"}
,"/Users/Louieg3/Documents/WEB DEVELOPMENT/Springboard/Projects/Section_50/itranslate/Backend/routes/translation.js": {"path":"/Users/Louieg3/Documents/WEB DEVELOPMENT/Springboard/Projects/Section_50/itranslate/Backend/routes/translation.js","statementMap":{"0":{"start":{"line":1,"column":16},"end":{"line":1,"column":34}},"1":{"start":{"line":2,"column":15},"end":{"line":2,"column":31}},"2":{"start":{"line":3,"column":20},"end":{"line":3,"column":52}},"3":{"start":{"line":4,"column":21},"end":{"line":4,"column":55}},"4":{"start":{"line":7,"column":0},"end":{"line":20,"column":3}},"5":{"start":{"line":8,"column":2},"end":{"line":19,"column":3}},"6":{"start":{"line":9,"column":4},"end":{"line":9,"column":56}},"7":{"start":{"line":12,"column":21},"end":{"line":12,"column":53}},"8":{"start":{"line":13,"column":4},"end":{"line":13,"column":69}},"9":{"start":{"line":14,"column":4},"end":{"line":14,"column":50}},"10":{"start":{"line":18,"column":4},"end":{"line":18,"column":23}},"11":{"start":{"line":22,"column":0},"end":{"line":33,"column":3}},"12":{"start":{"line":23,"column":2},"end":{"line":32,"column":3}},"13":{"start":{"line":24,"column":4},"end":{"line":24,"column":57}},"14":{"start":{"line":26,"column":21},"end":{"line":26,"column":52}},"15":{"start":{"line":27,"column":4},"end":{"line":27,"column":60}},"16":{"start":{"line":28,"column":4},"end":{"line":28,"column":50}},"17":{"start":{"line":31,"column":4},"end":{"line":31,"column":23}},"18":{"start":{"line":35,"column":0},"end":{"line":35,"column":24}}},"fnMap":{"0":{"name":"(anonymous_0)","decl":{"start":{"line":7,"column":17},"end":{"line":7,"column":18}},"loc":{"start":{"line":7,"column":50},"end":{"line":20,"column":1}},"line":7},"1":{"name":"(anonymous_1)","decl":{"start":{"line":22,"column":18},"end":{"line":22,"column":19}},"loc":{"start":{"line":22,"column":51},"end":{"line":33,"column":1}},"line":22}},"branchMap":{},"s":{"0":4,"1":4,"2":4,"3":4,"4":4,"5":2,"6":2,"7":2,"8":2,"9":2,"10":0,"11":4,"12":1,"13":1,"14":1,"15":1,"16":1,"17":0,"18":4},"f":{"0":2,"1":1},"b":{},"_coverageSchema":"1a1c01bbd47fc00a2c39e90264f33305004495a9","hash":"614bf46ccbd97be12b474ba400f8957e203d2583"}
}
