TN:
SF:app.js
FN:30,(anonymous_0)
FN:38,(anonymous_1)
FNF:2
FNH:0
FNDA:0,(anonymous_0)
FNDA:0,(anonymous_1)
DA:1,4
DA:2,4
DA:3,4
DA:4,4
DA:5,4
DA:6,4
DA:7,4
DA:8,4
DA:9,4
DA:12,4
DA:15,4
DA:16,4
DA:17,4
DA:19,4
DA:20,4
DA:21,4
DA:22,4
DA:25,4
DA:30,4
DA:31,0
DA:33,0
DA:38,4
DA:39,0
DA:40,0
DA:41,0
DA:48,4
LF:26
LH:21
BRDA:39,0,0,0
BRDA:39,0,1,0
BRF:2
BRH:0
end_of_record
TN:
SF:db.js
FNF:0
FNH:0
DA:1,4
DA:5,4
DA:6,4
DA:8,0
DA:11,4
DA:15,4
DA:17,4
LF:7
LH:6
BRDA:5,0,0,4
BRDA:5,0,1,0
BRF:2
BRH:1
end_of_record
TN:
SF:helpers/expressError.js
FN:2,(anonymous_0)
FNF:1
FNH:0
FNDA:0,(anonymous_0)
DA:3,0
DA:4,0
DA:5,0
DA:6,0
DA:10,4
LF:5
LH:1
BRF:0
BRH:0
end_of_record
TN:
SF:models/Albums.js
FN:7,(anonymous_0)
FN:27,(anonymous_1)
FNF:2
FNH:2
FNDA:1,(anonymous_0)
FNDA:1,(anonymous_1)
DA:1,4
DA:2,4
DA:9,1
DA:13,1
DA:14,0
DA:17,1
DA:23,1
DA:28,1
DA:31,1
DA:36,1
DA:38,1
DA:53,4
LF:12
LH:11
BRDA:13,0,0,0
BRDA:13,0,1,1
BRF:2
BRH:1
end_of_record
TN:
SF:models/Artists.js
FN:6,(anonymous_0)
FN:25,(anonymous_1)
FN:45,(anonymous_2)
FN:59,(anonymous_3)
FNF:4
FNH:4
FNDA:2,(anonymous_0)
FNDA:1,(anonymous_1)
FNDA:1,(anonymous_2)
FNDA:2,(anonymous_3)
DA:1,4
DA:2,4
DA:7,2
DA:11,2
DA:12,0
DA:15,2
DA:20,2
DA:21,2
DA:26,1
DA:30,1
DA:31,1
DA:46,1
DA:54,1
DA:55,1
DA:60,2
DA:61,2
DA:67,2
DA:68,2
DA:72,4
LF:19
LH:18
BRDA:11,0,0,0
BRDA:11,0,1,2
BRF:2
BRH:1
end_of_record
TN:
SF:models/Tracks.js
FN:6,(anonymous_0)
FN:22,(anonymous_1)
FN:36,(anonymous_2)
FN:52,(anonymous_3)
FN:66,(anonymous_4)
FN:88,(anonymous_5)
FN:100,(anonymous_6)
FNF:7
FNH:7
FNDA:1,(anonymous_0)
FNDA:2,(anonymous_1)
FNDA:2,(anonymous_2)
FNDA:2,(anonymous_3)
FNDA:1,(anonymous_4)
FNDA:1,(anonymous_5)
FNDA:2,(anonymous_6)
DA:1,4
DA:2,4
DA:7,1
DA:8,1
DA:16,1
DA:18,1
DA:23,2
DA:24,2
DA:30,2
DA:32,2
DA:37,2
DA:39,2
DA:41,2
DA:43,2
DA:44,0
DA:45,2
DA:46,1
DA:48,1
DA:53,2
DA:55,2
DA:57,2
DA:59,2
DA:60,1
DA:62,1
DA:67,1
DA:68,1
DA:71,1
DA:72,1
DA:73,0
DA:75,1
DA:77,1
DA:82,1
DA:84,1
DA:89,1
DA:90,1
DA:92,1
DA:97,1
DA:101,2
DA:102,2
DA:104,2
DA:108,2
DA:109,2
DA:111,0
DA:129,4
LF:44
LH:41
BRDA:43,0,0,0
BRDA:43,0,1,2
BRDA:45,1,0,1
BRDA:45,1,1,1
BRDA:59,2,0,1
BRDA:59,2,1,1
BRDA:72,3,0,0
BRDA:72,3,1,1
BRDA:108,4,0,2
BRDA:108,4,1,0
BRF:10
BRH:7
end_of_record
TN:
SF:models/Translation.js
FN:6,(anonymous_0)
FN:30,(anonymous_1)
FNF:2
FNH:2
FNDA:1,(anonymous_0)
FNDA:2,(anonymous_1)
DA:1,4
DA:2,4
DA:8,1
DA:9,1
DA:11,1
DA:16,1
DA:17,0
DA:20,1
DA:26,1
DA:32,2
DA:33,2
DA:35,2
DA:38,2
DA:40,2
DA:41,1
DA:43,1
DA:49,4
LF:17
LH:16
BRDA:16,0,0,0
BRDA:16,0,1,1
BRDA:40,1,0,1
BRDA:40,1,1,1
BRF:4
BRH:3
end_of_record
TN:
SF:routes/album.js
FN:8,(anonymous_0)
FN:23,(anonymous_1)
FN:31,(anonymous_2)
FNF:3
FNH:2
FNDA:1,(anonymous_0)
FNDA:1,(anonymous_1)
FNDA:0,(anonymous_2)
DA:1,4
DA:2,4
DA:3,4
DA:4,4
DA:5,4
DA:6,4
DA:8,4
DA:9,1
DA:10,1
DA:11,1
DA:12,1
DA:13,1
DA:15,1
DA:16,1
DA:17,1
DA:19,0
DA:23,4
DA:24,1
DA:25,1
DA:26,1
DA:27,1
DA:29,1
DA:30,0
DA:31,0
DA:34,1
DA:35,1
DA:36,1
DA:39,0
DA:58,4
LF:29
LH:25
BRDA:29,0,0,0
BRDA:29,0,1,1
BRF:2
BRH:1
end_of_record
TN:
SF:routes/artist.js
FN:9,(anonymous_0)
FN:36,(anonymous_1)
FN:42,(anonymous_2)
FNF:3
FNH:2
FNDA:4,(anonymous_0)
FNDA:2,(anonymous_1)
FNDA:0,(anonymous_2)
DA:1,4
DA:2,4
DA:3,4
DA:4,4
DA:5,4
DA:6,4
DA:9,4
DA:10,4
DA:11,4
DA:13,4
DA:14,1
DA:15,1
DA:16,1
DA:17,3
DA:18,1
DA:19,1
DA:20,1
DA:21,2
DA:22,2
DA:23,2
DA:24,2
DA:25,2
DA:32,0
DA:36,4
DA:37,2
DA:38,2
DA:39,2
DA:41,2
DA:42,0
DA:45,2
DA:46,2
DA:47,2
DA:50,0
DA:68,4
LF:34
LH:31
BRDA:13,0,0,1
BRDA:13,0,1,3
BRDA:17,1,0,1
BRDA:17,1,1,2
BRDA:21,2,0,2
BRDA:21,2,1,0
BRDA:41,3,0,0
BRDA:41,3,1,2
BRF:8
BRH:6
end_of_record
TN:
SF:routes/ibm.js
FN:17,(anonymous_0)
FNF:1
FNH:0
FNDA:0,(anonymous_0)
DA:1,4
DA:2,4
DA:3,4
DA:4,4
DA:5,4
DA:6,4
DA:7,4
DA:9,4
DA:17,4
DA:18,0
DA:20,0
DA:21,0
DA:22,0
DA:23,0
DA:28,0
DA:29,0
DA:32,0
DA:33,0
DA:37,0
DA:38,0
DA:45,4
LF:21
LH:10
BRDA:20,0,0,0
BRDA:20,0,1,0
BRF:2
BRH:0
end_of_record
TN:
SF:routes/testing.config.js
FN:9,beforeEachHook
FN:69,afterEachHook
FN:80,afterAllHook
FNF:3
FNH:3
FNDA:19,beforeEachHook
FNDA:19,afterEachHook
FNDA:4,afterAllHook
DA:1,4
DA:2,4
DA:3,4
DA:4,4
DA:10,19
DA:13,19
DA:19,19
DA:25,19
DA:31,19
DA:37,19
DA:43,19
DA:49,19
DA:54,19
DA:59,19
DA:65,0
DA:70,19
DA:71,19
DA:72,19
DA:73,19
DA:76,0
DA:81,4
DA:82,4
DA:84,0
DA:88,4
LF:24
LH:21
BRF:0
BRH:0
end_of_record
TN:
SF:routes/track.js
FN:9,(anonymous_0)
FN:47,(anonymous_1)
FN:54,(anonymous_2)
FN:65,(anonymous_3)
FNF:4
FNH:3
FNDA:9,(anonymous_0)
FNDA:1,(anonymous_1)
FNDA:0,(anonymous_2)
FNDA:1,(anonymous_3)
DA:1,4
DA:2,4
DA:3,4
DA:4,4
DA:5,4
DA:6,4
DA:9,4
DA:10,9
DA:11,9
DA:13,9
DA:14,1
DA:15,1
DA:16,1
DA:18,8
DA:19,2
DA:20,2
DA:21,2
DA:23,6
DA:24,2
DA:25,2
DA:26,2
DA:28,4
DA:29,2
DA:30,2
DA:31,2
DA:33,2
DA:34,2
DA:35,2
DA:36,2
DA:40,0
DA:47,4
DA:49,1
DA:50,1
DA:51,1
DA:53,1
DA:54,0
DA:57,1
DA:58,1
DA:59,1
DA:61,0
DA:65,4
DA:67,1
DA:68,1
DA:69,1
DA:70,1
DA:71,1
DA:73,0
DA:92,4
LF:48
LH:44
BRDA:13,0,0,1
BRDA:13,0,1,8
BRDA:18,1,0,2
BRDA:18,1,1,6
BRDA:23,2,0,2
BRDA:23,2,1,4
BRDA:28,3,0,2
BRDA:28,3,1,2
BRDA:33,4,0,2
BRDA:33,4,1,0
BRDA:53,5,0,0
BRDA:53,5,1,1
BRF:12
BRH:10
end_of_record
TN:
SF:routes/translation.js
FN:7,(anonymous_0)
FN:22,(anonymous_1)
FNF:2
FNH:2
FNDA:2,(anonymous_0)
FNDA:1,(anonymous_1)
DA:1,4
DA:2,4
DA:3,4
DA:4,4
DA:7,4
DA:8,2
DA:9,2
DA:12,2
DA:13,2
DA:14,2
DA:18,0
DA:22,4
DA:23,1
DA:24,1
DA:26,1
DA:27,1
DA:28,1
DA:31,0
DA:35,4
LF:19
LH:17
BRF:0
BRH:0
end_of_record
